<?xml version="1.0" encoding="UTF-8"?>
<coverage generated="1749319079095" clover="3.2.0">
  <project timestamp="1749319079095" name="All files">
    <metrics statements="139" coveredstatements="133" conditionals="72" coveredconditionals="58" methods="24" coveredmethods="23" elements="235" coveredelements="214" complexity="0" loc="139" ncloc="139" packages="1" files="5" classes="5"/>
    <file name="analytics.ts" path="/home/user/studio/src/lib/analytics.ts">
      <metrics statements="40" coveredstatements="40" conditionals="14" coveredconditionals="13" methods="8" coveredmethods="8"/>
      <line num="2" count="1" type="stmt"/>
      <line num="10" count="1" type="stmt"/>
      <line num="11" count="2" type="stmt"/>
      <line num="13" count="2" type="stmt"/>
      <line num="14" count="3" type="stmt"/>
      <line num="15" count="3" type="stmt"/>
      <line num="16" count="3" type="cond" truecount="2" falsecount="0"/>
      <line num="19" count="2" type="stmt"/>
      <line num="20" count="2" type="stmt"/>
      <line num="21" count="1" type="stmt"/>
      <line num="24" count="1" type="stmt"/>
      <line num="29" count="1" type="stmt"/>
      <line num="30" count="1" type="stmt"/>
      <line num="32" count="1" type="stmt"/>
      <line num="33" count="1" type="stmt"/>
      <line num="34" count="3" type="stmt"/>
      <line num="35" count="3" type="stmt"/>
      <line num="37" count="3" type="stmt"/>
      <line num="38" count="5" type="cond" truecount="1" falsecount="0"/>
      <line num="39" count="2" type="cond" truecount="2" falsecount="0"/>
      <line num="40" count="2" type="stmt"/>
      <line num="41" count="2" type="stmt"/>
      <line num="45" count="3" type="cond" truecount="1" falsecount="0"/>
      <line num="46" count="1" type="cond" truecount="2" falsecount="0"/>
      <line num="51" count="1" type="stmt"/>
      <line num="61" count="1" type="stmt"/>
      <line num="68" count="2" type="stmt"/>
      <line num="69" count="2" type="stmt"/>
      <line num="70" count="2" type="stmt"/>
      <line num="75" count="2" type="stmt"/>
      <line num="76" count="2" type="stmt"/>
      <line num="77" count="10" type="stmt"/>
      <line num="80" count="2" type="stmt"/>
      <line num="82" count="1" type="stmt"/>
      <line num="83" count="1" type="cond" truecount="2" falsecount="0"/>
      <line num="85" count="1" type="stmt"/>
      <line num="87" count="2" type="stmt"/>
      <line num="88" count="2" type="cond" truecount="1" falsecount="1"/>
      <line num="91" count="2" type="stmt"/>
      <line num="93" count="2" type="stmt"/>
    </file>
    <file name="ics.ts" path="/home/user/studio/src/lib/ics.ts">
      <metrics statements="17" coveredstatements="17" conditionals="1" coveredconditionals="1" methods="3" coveredmethods="3"/>
      <line num="2" count="1" type="stmt"/>
      <line num="5" count="2" type="stmt"/>
      <line num="12" count="1" type="stmt"/>
      <line num="13" count="1" type="stmt"/>
      <line num="20" count="1" type="stmt"/>
      <line num="21" count="1" type="stmt"/>
      <line num="22" count="1" type="stmt"/>
      <line num="23" count="1" type="stmt"/>
      <line num="24" count="1" type="stmt"/>
      <line num="25" count="1" type="stmt"/>
      <line num="26" count="1" type="stmt"/>
      <line num="27" count="1" type="stmt"/>
      <line num="28" count="1" type="stmt"/>
      <line num="29" count="1" type="cond" truecount="1" falsecount="0"/>
      <line num="30" count="1" type="stmt"/>
      <line num="33" count="1" type="stmt"/>
      <line num="34" count="1" type="stmt"/>
    </file>
    <file name="recurrence.ts" path="/home/user/studio/src/lib/recurrence.ts">
      <metrics statements="28" coveredstatements="28" conditionals="44" coveredconditionals="36" methods="4" coveredmethods="4"/>
      <line num="1" count="1" type="stmt"/>
      <line num="9" count="1" type="stmt"/>
      <line num="10" count="5" type="cond" truecount="1" falsecount="1"/>
      <line num="11" count="5" type="stmt"/>
      <line num="12" count="5" type="cond" truecount="3" falsecount="1"/>
      <line num="13" count="5" type="cond" truecount="3" falsecount="1"/>
      <line num="15" count="5" type="cond" truecount="3" falsecount="0"/>
      <line num="16" count="4" type="cond" truecount="3" falsecount="0"/>
      <line num="17" count="3" type="cond" truecount="5" falsecount="1"/>
      <line num="18" count="3" type="cond" truecount="4" falsecount="0"/>
      <line num="20" count="2" type="stmt"/>
      <line num="21" count="2" type="stmt"/>
      <line num="22" count="2" type="stmt"/>
      <line num="24" count="2" type="stmt"/>
      <line num="25" count="13" type="stmt"/>
      <line num="26" count="13" type="cond" truecount="1" falsecount="2"/>
      <line num="27" count="13" type="cond" truecount="2" falsecount="1"/>
      <line num="29" count="13" type="cond" truecount="1" falsecount="0"/>
      <line num="30" count="9" type="cond" truecount="3" falsecount="0"/>
      <line num="31" count="3" type="cond" truecount="1" falsecount="0"/>
      <line num="35" count="3" type="stmt"/>
      <line num="36" count="3" type="stmt"/>
      <line num="37" count="3" type="cond" truecount="3" falsecount="0"/>
      <line num="43" count="2" type="stmt"/>
      <line num="46" count="1" type="stmt"/>
      <line num="47" count="1" type="stmt"/>
      <line num="48" count="1" type="stmt"/>
      <line num="49" count="1" type="stmt"/>
    </file>
    <file name="sessionNotes.ts" path="/home/user/studio/src/lib/sessionNotes.ts">
      <metrics statements="7" coveredstatements="7" conditionals="0" coveredconditionals="0" methods="3" coveredmethods="3"/>
      <line num="1" count="1" type="stmt"/>
      <line num="12" count="1" type="stmt"/>
      <line num="13" count="1" type="stmt"/>
      <line num="17" count="1" type="stmt"/>
      <line num="20" count="1" type="stmt"/>
      <line num="21" count="1" type="stmt"/>
      <line num="22" count="8" type="stmt"/>
    </file>
    <file name="utils.ts" path="/home/user/studio/src/lib/utils.ts">
      <metrics statements="47" coveredstatements="41" conditionals="13" coveredconditionals="8" methods="6" coveredmethods="5"/>
      <line num="1" count="4" type="stmt"/>
      <line num="2" count="4" type="stmt"/>
      <line num="3" count="4" type="stmt"/>
      <line num="7" count="4" type="stmt"/>
      <line num="8" count="108" type="cond" truecount="1" falsecount="0"/>
      <line num="9" count="4" type="stmt"/>
      <line num="10" count="4" type="cond" truecount="0" falsecount="1"/>
      <line num="11" count="0" type="cond" truecount="0" falsecount="1"/>
      <line num="12" count="0" type="stmt"/>
      <line num="13" count="0" type="stmt"/>
      <line num="14" count="0" type="stmt"/>
      <line num="16" count="0" type="stmt"/>
      <line num="18" count="4" type="stmt"/>
      <line num="19" count="4" type="stmt"/>
      <line num="22" count="4" type="stmt"/>
      <line num="23" count="0" type="stmt"/>
      <line num="31" count="4" type="stmt"/>
      <line num="32" count="68" type="stmt"/>
      <line num="33" count="68" type="stmt"/>
      <line num="34" count="68" type="stmt"/>
      <line num="35" count="68" type="stmt"/>
      <line num="36" count="68" type="stmt"/>
      <line num="44" count="4" type="stmt"/>
      <line num="45" count="40" type="stmt"/>
      <line num="46" count="40" type="stmt"/>
      <line num="47" count="40" type="stmt"/>
      <line num="48" count="40" type="stmt"/>
      <line num="49" count="40" type="stmt"/>
      <line num="50" count="40" type="stmt"/>
      <line num="51" count="40" type="stmt"/>
      <line num="52" count="40" type="stmt"/>
      <line num="56" count="4" type="stmt"/>
      <line num="57" count="1" type="stmt"/>
      <line num="58" count="1" type="stmt"/>
      <line num="66" count="4" type="stmt"/>
      <line num="67" count="2" type="stmt"/>
      <line num="68" count="2" type="cond" truecount="3" falsecount="0"/>
      <line num="70" count="1" type="stmt"/>
      <line num="71" count="9" type="stmt"/>
      <line num="72" count="1" type="stmt"/>
      <line num="73" count="1" type="cond" truecount="2" falsecount="1"/>
      <line num="74" count="1" type="cond" truecount="0" falsecount="1"/>
      <line num="76" count="1" type="stmt"/>
      <line num="77" count="10" type="stmt"/>
      <line num="78" count="1" type="stmt"/>
      <line num="79" count="1" type="cond" truecount="2" falsecount="1"/>
      <line num="80" count="1" type="stmt"/>
    </file>
  </project>
</coverage>
