{"/home/user/studio/src/lib/analytics.ts": {"path":"/home/user/studio/src/lib/analytics.ts","statementMap":{"0":{"start":{"line":10,"column":0},"end":{"line":10,"column":16}},"1":{"start":{"line":29,"column":0},"end":{"line":29,"column":16}},"2":{"start":{"line":61,"column":0},"end":{"line":61,"column":16}},"3":{"start":{"line":2,"column":0},"end":{"line":2,"column":null}},"4":{"start":{"line":11,"column":41},"end":{"line":11,"column":43}},"5":{"start":{"line":13,"column":2},"end":{"line":17,"column":3}},"6":{"start":{"line":14,"column":22},"end":{"line":14,"column":79}},"7":{"start":{"line":15,"column":16},"end":{"line":15,"column":47}},"8":{"start":{"line":16,"column":4},"end":{"line":16,"column":41}},"9":{"start":{"line":19,"column":2},"end":{"line":21,"column":50}},"10":{"start":{"line":20,"column":29},"end":{"line":20,"column":44}},"11":{"start":{"line":21,"column":20},"end":{"line":21,"column":48}},"12":{"start":{"line":24,"column":51},"end":{"line":27,"column":2}},"13":{"start":{"line":30,"column":41},"end":{"line":30,"column":43}},"14":{"start":{"line":32,"column":2},"end":{"line":49,"column":3}},"15":{"start":{"line":33,"column":4},"end":{"line":48,"column":5}},"16":{"start":{"line":34,"column":19},"end":{"line":34,"column":43}},"17":{"start":{"line":35,"column":20},"end":{"line":35,"column":25}},"18":{"start":{"line":37,"column":6},"end":{"line":43,"column":7}},"19":{"start":{"line":38,"column":8},"end":{"line":42,"column":9}},"20":{"start":{"line":38,"column":33},"end":{"line":38,"column":49}},"21":{"start":{"line":39,"column":10},"end":{"line":39,"column":49}},"22":{"start":{"line":40,"column":10},"end":{"line":40,"column":25}},"23":{"start":{"line":41,"column":10},"end":{"line":41,"column":16}},"24":{"start":{"line":45,"column":6},"end":{"line":47,"column":7}},"25":{"start":{"line":46,"column":8},"end":{"line":46,"column":49}},"26":{"start":{"line":51,"column":2},"end":{"line":51,"column":16}},"27":{"start":{"line":68,"column":19},"end":{"line":68,"column":56}},"28":{"start":{"line":69,"column":19},"end":{"line":69,"column":54}},"29":{"start":{"line":70,"column":23},"end":{"line":72,"column":null}},"30":{"start":{"line":75,"column":23},"end":{"line":75,"column":24}},"31":{"start":{"line":76,"column":2},"end":{"line":78,"column":3}},"32":{"start":{"line":76,"column":15},"end":{"line":76,"column":30}},"33":{"start":{"line":77,"column":4},"end":{"line":77,"column":35}},"34":{"start":{"line":80,"column":20},"end":{"line":85,"column":51}},"35":{"start":{"line":82,"column":17},"end":{"line":82,"column":37}},"36":{"start":{"line":83,"column":6},"end":{"line":83,"column":38}},"37":{"start":{"line":85,"column":24},"end":{"line":85,"column":47}},"38":{"start":{"line":87,"column":15},"end":{"line":87,"column":54}},"39":{"start":{"line":88,"column":27},"end":{"line":90,"column":7}},"40":{"start":{"line":91,"column":22},"end":{"line":91,"column":44}},"41":{"start":{"line":93,"column":2},"end":{"line":98,"column":4}}},"fnMap":{"0":{"name":"getWeeklySessionCounts","decl":{"start":{"line":10,"column":16},"end":{"line":10,"column":38}},"loc":{"start":{"line":10,"column":66},"end":{"line":22,"column":1}}},"1":{"name":"(anonymous_1)","decl":{"start":{"line":20,"column":9},"end":{"line":20,"column":10}},"loc":{"start":{"line":20,"column":29},"end":{"line":20,"column":44}}},"2":{"name":"(anonymous_2)","decl":{"start":{"line":21,"column":10},"end":{"line":21,"column":11}},"loc":{"start":{"line":21,"column":20},"end":{"line":21,"column":48}}},"3":{"name":"getProblemTypeCounts","decl":{"start":{"line":29,"column":16},"end":{"line":29,"column":36}},"loc":{"start":{"line":29,"column":56},"end":{"line":52,"column":1}}},"4":{"name":"(anonymous_4)","decl":{"start":{"line":38,"column":26},"end":{"line":38,"column":27}},"loc":{"start":{"line":38,"column":33},"end":{"line":38,"column":49}}},"5":{"name":"getScheduleOccupancy","decl":{"start":{"line":61,"column":16},"end":{"line":61,"column":36}},"loc":{"start":{"line":66,"column":24},"end":{"line":99,"column":1}}},"6":{"name":"(anonymous_6)","decl":{"start":{"line":81,"column":12},"end":{"line":81,"column":13}},"loc":{"start":{"line":81,"column":18},"end":{"line":84,"column":5}}},"7":{"name":"(anonymous_7)","decl":{"start":{"line":85,"column":12},"end":{"line":85,"column":13}},"loc":{"start":{"line":85,"column":24},"end":{"line":85,"column":47}}}},"branchMap":{"0":{"loc":{"start":{"line":16,"column":19},"end":{"line":16,"column":35}},"type":"binary-expr","locations":[{"start":{"line":16,"column":19},"end":{"line":16,"column":30}},{"start":{"line":16,"column":34},"end":{"line":16,"column":35}}]},"1":{"loc":{"start":{"line":38,"column":8},"end":{"line":42,"column":9}},"type":"if","locations":[{"start":{"line":38,"column":8},"end":{"line":42,"column":9}}]},"2":{"loc":{"start":{"line":39,"column":26},"end":{"line":39,"column":43}},"type":"binary-expr","locations":[{"start":{"line":39,"column":26},"end":{"line":39,"column":38}},{"start":{"line":39,"column":42},"end":{"line":39,"column":43}}]},"3":{"loc":{"start":{"line":45,"column":6},"end":{"line":47,"column":7}},"type":"if","locations":[{"start":{"line":45,"column":6},"end":{"line":47,"column":7}}]},"4":{"loc":{"start":{"line":46,"column":25},"end":{"line":46,"column":43}},"type":"binary-expr","locations":[{"start":{"line":46,"column":25},"end":{"line":46,"column":38}},{"start":{"line":46,"column":42},"end":{"line":46,"column":43}}]},"5":{"loc":{"start":{"line":65,"column":2},"end":{"line":65,"column":26}},"type":"default-arg","locations":[{"start":{"line":65,"column":19},"end":{"line":65,"column":26}}]},"6":{"loc":{"start":{"line":66,"column":2},"end":{"line":66,"column":24}},"type":"default-arg","locations":[{"start":{"line":66,"column":17},"end":{"line":66,"column":24}}]},"7":{"loc":{"start":{"line":83,"column":13},"end":{"line":83,"column":37}},"type":"binary-expr","locations":[{"start":{"line":83,"column":13},"end":{"line":83,"column":24}},{"start":{"line":83,"column":28},"end":{"line":83,"column":37}}]},"8":{"loc":{"start":{"line":88,"column":27},"end":{"line":90,"column":7}},"type":"cond-expr","locations":[{"start":{"line":89,"column":6},"end":{"line":89,"column":40}},{"start":{"line":90,"column":6},"end":{"line":90,"column":7}}]}},"s":{"0":1,"1":1,"2":1,"3":1,"4":2,"5":2,"6":3,"7":3,"8":3,"9":2,"10":2,"11":1,"12":1,"13":1,"14":1,"15":1,"16":3,"17":3,"18":3,"19":5,"20":5,"21":2,"22":2,"23":2,"24":3,"25":1,"26":1,"27":2,"28":2,"29":2,"30":2,"31":2,"32":2,"33":10,"34":2,"35":1,"36":1,"37":1,"38":2,"39":2,"40":2,"41":2},"f":{"0":2,"1":2,"2":1,"3":1,"4":5,"5":2,"6":1,"7":1},"b":{"0":[3,2],"1":[2],"2":[2,2],"3":[1],"4":[1,1],"5":[2],"6":[2],"7":[1,1],"8":[2,0]}}
,"/home/user/studio/src/lib/ics.ts": {"path":"/home/user/studio/src/lib/ics.ts","statementMap":{"0":{"start":{"line":12,"column":0},"end":{"line":12,"column":16}},"1":{"start":{"line":2,"column":0},"end":{"line":2,"column":56}},"2":{"start":{"line":5,"column":2},"end":{"line":9,"column":26}},"3":{"start":{"line":13,"column":16},"end":{"line":18,"column":4}},"4":{"start":{"line":20,"column":2},"end":{"line":31,"column":5}},"5":{"start":{"line":21,"column":18},"end":{"line":21,"column":38}},"6":{"start":{"line":22,"column":16},"end":{"line":22,"column":52}},"7":{"start":{"line":23,"column":4},"end":{"line":23,"column":31}},"8":{"start":{"line":24,"column":4},"end":{"line":24,"column":30}},"9":{"start":{"line":25,"column":4},"end":{"line":25,"column":69}},"10":{"start":{"line":26,"column":4},"end":{"line":26,"column":64}},"11":{"start":{"line":27,"column":4},"end":{"line":27,"column":60}},"12":{"start":{"line":28,"column":4},"end":{"line":28,"column":71}},"13":{"start":{"line":29,"column":4},"end":{"line":29,"column":66}},"14":{"start":{"line":29,"column":17},"end":{"line":29,"column":66}},"15":{"start":{"line":30,"column":4},"end":{"line":30,"column":29}},"16":{"start":{"line":33,"column":2},"end":{"line":33,"column":30}},"17":{"start":{"line":34,"column":2},"end":{"line":34,"column":28}}},"fnMap":{"0":{"name":"escapeText","decl":{"start":{"line":4,"column":9},"end":{"line":4,"column":19}},"loc":{"start":{"line":4,"column":32},"end":{"line":10,"column":1}}},"1":{"name":"generateICS","decl":{"start":{"line":12,"column":16},"end":{"line":12,"column":27}},"loc":{"start":{"line":12,"column":55},"end":{"line":35,"column":1}}},"2":{"name":"(anonymous_2)","decl":{"start":{"line":20,"column":23},"end":{"line":20,"column":24}},"loc":{"start":{"line":20,"column":29},"end":{"line":31,"column":3}}}},"branchMap":{"0":{"loc":{"start":{"line":29,"column":4},"end":{"line":29,"column":66}},"type":"if","locations":[{"start":{"line":29,"column":4},"end":{"line":29,"column":66}}]}},"s":{"0":1,"1":1,"2":2,"3":1,"4":1,"5":1,"6":1,"7":1,"8":1,"9":1,"10":1,"11":1,"12":1,"13":1,"14":1,"15":1,"16":1,"17":1},"f":{"0":2,"1":1,"2":1},"b":{"0":[1]}}
,"/home/user/studio/src/lib/recurrence.ts": {"path":"/home/user/studio/src/lib/recurrence.ts","statementMap":{"0":{"start":{"line":9,"column":0},"end":{"line":9,"column":16}},"1":{"start":{"line":46,"column":0},"end":{"line":46,"column":16}},"2":{"start":{"line":1,"column":0},"end":{"line":1,"column":85}},"3":{"start":{"line":10,"column":20},"end":{"line":10,"column":71}},"4":{"start":{"line":11,"column":24},"end":{"line":11,"column":26}},"5":{"start":{"line":12,"column":20},"end":{"line":12,"column":108}},"6":{"start":{"line":13,"column":20},"end":{"line":13,"column":88}},"7":{"start":{"line":15,"column":2},"end":{"line":15,"column":61}},"8":{"start":{"line":15,"column":51},"end":{"line":15,"column":61}},"9":{"start":{"line":16,"column":2},"end":{"line":16,"column":52}},"10":{"start":{"line":16,"column":42},"end":{"line":16,"column":52}},"11":{"start":{"line":17,"column":26},"end":{"line":17,"column":72}},"12":{"start":{"line":17,"column":55},"end":{"line":17,"column":71}},"13":{"start":{"line":18,"column":2},"end":{"line":18,"column":85}},"14":{"start":{"line":18,"column":75},"end":{"line":18,"column":85}},"15":{"start":{"line":20,"column":12},"end":{"line":20,"column":55}},"16":{"start":{"line":21,"column":14},"end":{"line":21,"column":15}},"17":{"start":{"line":22,"column":24},"end":{"line":22,"column":28}},"18":{"start":{"line":24,"column":2},"end":{"line":41,"column":3}},"19":{"start":{"line":24,"column":15},"end":{"line":24,"column":16}},"20":{"start":{"line":25,"column":20},"end":{"line":25,"column":35}},"21":{"start":{"line":26,"column":4},"end":{"line":26,"column":48}},"22":{"start":{"line":26,"column":42},"end":{"line":26,"column":48}},"23":{"start":{"line":27,"column":4},"end":{"line":27,"column":49}},"24":{"start":{"line":27,"column":43},"end":{"line":27,"column":49}},"25":{"start":{"line":29,"column":4},"end":{"line":40,"column":5}},"26":{"start":{"line":30,"column":6},"end":{"line":39,"column":7}},"27":{"start":{"line":31,"column":8},"end":{"line":38,"column":9}},"28":{"start":{"line":35,"column":10},"end":{"line":35,"column":40}},"29":{"start":{"line":36,"column":10},"end":{"line":36,"column":18}},"30":{"start":{"line":37,"column":10},"end":{"line":37,"column":55}},"31":{"start":{"line":37,"column":49},"end":{"line":37,"column":55}},"32":{"start":{"line":43,"column":2},"end":{"line":43,"column":15}},"33":{"start":{"line":47,"column":16},"end":{"line":47,"column":59}},"34":{"start":{"line":48,"column":18},"end":{"line":48,"column":37}},"35":{"start":{"line":49,"column":2},"end":{"line":54,"column":6}},"36":{"start":{"line":49,"column":31},"end":{"line":53,"column":null}}},"fnMap":{"0":{"name":"generateRecurringDates","decl":{"start":{"line":9,"column":16},"end":{"line":9,"column":38}},"loc":{"start":{"line":9,"column":81},"end":{"line":44,"column":1}}},"1":{"name":"(anonymous_1)","decl":{"start":{"line":17,"column":48},"end":{"line":17,"column":49}},"loc":{"start":{"line":17,"column":55},"end":{"line":17,"column":71}}},"2":{"name":"generateRecurringAppointments","decl":{"start":{"line":46,"column":16},"end":{"line":46,"column":45}},"loc":{"start":{"line":46,"column":85},"end":{"line":55,"column":1}}},"3":{"name":"(anonymous_3)","decl":{"start":{"line":49,"column":19},"end":{"line":49,"column":20}},"loc":{"start":{"line":49,"column":31},"end":{"line":53,"column":null}}}},"branchMap":{"0":{"loc":{"start":{"line":10,"column":20},"end":{"line":10,"column":71}},"type":"cond-expr","locations":[{"start":{"line":10,"column":48},"end":{"line":10,"column":63}},{"start":{"line":10,"column":66},"end":{"line":10,"column":71}}]},"1":{"loc":{"start":{"line":12,"column":20},"end":{"line":12,"column":108}},"type":"cond-expr","locations":[{"start":{"line":12,"column":34},"end":{"line":12,"column":100}},{"start":{"line":12,"column":104},"end":{"line":12,"column":108}}]},"2":{"loc":{"start":{"line":12,"column":34},"end":{"line":12,"column":100}},"type":"cond-expr","locations":[{"start":{"line":12,"column":67},"end":{"line":12,"column":87}},{"start":{"line":12,"column":90},"end":{"line":12,"column":100}}]},"3":{"loc":{"start":{"line":13,"column":20},"end":{"line":13,"column":88}},"type":"cond-expr","locations":[{"start":{"line":13,"column":49},"end":{"line":13,"column":50}},{"start":{"line":13,"column":53},"end":{"line":13,"column":88}}]},"4":{"loc":{"start":{"line":13,"column":53},"end":{"line":13,"column":88}},"type":"cond-expr","locations":[{"start":{"line":13,"column":83},"end":{"line":13,"column":84}},{"start":{"line":13,"column":87},"end":{"line":13,"column":88}}]},"5":{"loc":{"start":{"line":15,"column":2},"end":{"line":15,"column":61}},"type":"if","locations":[{"start":{"line":15,"column":2},"end":{"line":15,"column":61}}]},"6":{"loc":{"start":{"line":15,"column":6},"end":{"line":15,"column":49}},"type":"binary-expr","locations":[{"start":{"line":15,"column":6},"end":{"line":15,"column":30}},{"start":{"line":15,"column":34},"end":{"line":15,"column":49}}]},"7":{"loc":{"start":{"line":16,"column":2},"end":{"line":16,"column":52}},"type":"if","locations":[{"start":{"line":16,"column":2},"end":{"line":16,"column":52}}]},"8":{"loc":{"start":{"line":16,"column":6},"end":{"line":16,"column":40}},"type":"binary-expr","locations":[{"start":{"line":16,"column":6},"end":{"line":16,"column":15}},{"start":{"line":16,"column":19},"end":{"line":16,"column":40}}]},"9":{"loc":{"start":{"line":17,"column":26},"end":{"line":17,"column":72}},"type":"cond-expr","locations":[{"start":{"line":17,"column":39},"end":{"line":17,"column":41}},{"start":{"line":17,"column":39},"end":{"line":17,"column":72}}]},"10":{"loc":{"start":{"line":17,"column":26},"end":{"line":17,"column":41}},"type":"binary-expr","locations":[{"start":{"line":17,"column":26},"end":{"line":17,"column":41}},{"start":{"line":17,"column":39},"end":{"line":17,"column":41}}]},"11":{"loc":{"start":{"line":17,"column":55},"end":{"line":17,"column":71}},"type":"binary-expr","locations":[{"start":{"line":17,"column":55},"end":{"line":17,"column":61}},{"start":{"line":17,"column":65},"end":{"line":17,"column":71}}]},"12":{"loc":{"start":{"line":18,"column":2},"end":{"line":18,"column":85}},"type":"if","locations":[{"start":{"line":18,"column":2},"end":{"line":18,"column":85}}]},"13":{"loc":{"start":{"line":18,"column":6},"end":{"line":18,"column":73}},"type":"binary-expr","locations":[{"start":{"line":18,"column":6},"end":{"line":18,"column":19}},{"start":{"line":18,"column":24},"end":{"line":18,"column":40}},{"start":{"line":18,"column":44},"end":{"line":18,"column":72}}]},"14":{"loc":{"start":{"line":26,"column":4},"end":{"line":26,"column":48}},"type":"if","locations":[{"start":{"line":26,"column":4},"end":{"line":26,"column":48}}]},"15":{"loc":{"start":{"line":26,"column":8},"end":{"line":26,"column":40}},"type":"binary-expr","locations":[{"start":{"line":26,"column":8},"end":{"line":26,"column":17}},{"start":{"line":26,"column":21},"end":{"line":26,"column":40}}]},"16":{"loc":{"start":{"line":27,"column":4},"end":{"line":27,"column":49}},"type":"if","locations":[{"start":{"line":27,"column":4},"end":{"line":27,"column":49}}]},"17":{"loc":{"start":{"line":27,"column":8},"end":{"line":27,"column":41}},"type":"binary-expr","locations":[{"start":{"line":27,"column":8},"end":{"line":27,"column":18}},{"start":{"line":27,"column":22},"end":{"line":27,"column":41}}]},"18":{"loc":{"start":{"line":29,"column":4},"end":{"line":40,"column":5}},"type":"if","locations":[{"start":{"line":29,"column":4},"end":{"line":40,"column":5}}]},"19":{"loc":{"start":{"line":30,"column":6},"end":{"line":39,"column":7}},"type":"if","locations":[{"start":{"line":30,"column":6},"end":{"line":39,"column":7}}]},"20":{"loc":{"start":{"line":30,"column":10},"end":{"line":30,"column":72}},"type":"binary-expr","locations":[{"start":{"line":30,"column":10},"end":{"line":30,"column":26}},{"start":{"line":30,"column":30},"end":{"line":30,"column":72}}]},"21":{"loc":{"start":{"line":31,"column":8},"end":{"line":38,"column":9}},"type":"if","locations":[{"start":{"line":31,"column":8},"end":{"line":38,"column":9}}]},"22":{"loc":{"start":{"line":32,"column":10},"end":{"line":33,"column":94}},"type":"binary-expr","locations":[{"start":{"line":32,"column":10},"end":{"line":32,"column":25}},{"start":{"line":33,"column":10},"end":{"line":33,"column":94}}]},"23":{"loc":{"start":{"line":37,"column":10},"end":{"line":37,"column":55}},"type":"if","locations":[{"start":{"line":37,"column":10},"end":{"line":37,"column":55}}]},"24":{"loc":{"start":{"line":37,"column":14},"end":{"line":37,"column":47}},"type":"binary-expr","locations":[{"start":{"line":37,"column":14},"end":{"line":37,"column":24}},{"start":{"line":37,"column":28},"end":{"line":37,"column":47}}]},"25":{"loc":{"start":{"line":52,"column":14},"end":{"line":52,"column":57}},"type":"cond-expr","locations":[{"start":{"line":52,"column":38},"end":{"line":52,"column":39}},{"start":{"line":52,"column":42},"end":{"line":52,"column":57}}]}},"s":{"0":1,"1":1,"2":1,"3":5,"4":5,"5":5,"6":5,"7":5,"8":1,"9":4,"10":1,"11":3,"12":3,"13":3,"14":1,"15":2,"16":2,"17":2,"18":2,"19":2,"20":13,"21":13,"22":0,"23":13,"24":0,"25":13,"26":9,"27":3,"28":3,"29":3,"30":3,"31":2,"32":2,"33":1,"34":1,"35":1,"36":1},"f":{"0":5,"1":3,"2":1,"3":1},"b":{"0":[5,0],"1":[1,4],"2":[1,0],"3":[1,4],"4":[4,0],"5":[1],"6":[5,4],"7":[1],"8":[4,1],"9":[0,3],"10":[3,3],"11":[3,3],"12":[1],"13":[3,3,3],"14":[0],"15":[13,0],"16":[0],"17":[13,13],"18":[9],"19":[3],"20":[9,9],"21":[3],"22":[3,3],"23":[2],"24":[3,3],"25":[0,1]}}
,"/home/user/studio/src/lib/sessionNotes.ts": {"path":"/home/user/studio/src/lib/sessionNotes.ts","statementMap":{"0":{"start":{"line":12,"column":0},"end":{"line":12,"column":16}},"1":{"start":{"line":20,"column":0},"end":{"line":20,"column":16}},"2":{"start":{"line":1,"column":13},"end":{"line":10,"column":2}},"3":{"start":{"line":13,"column":20},"end":{"line":16,"column":20}},"4":{"start":{"line":17,"column":2},"end":{"line":17,"column":48}},"5":{"start":{"line":21,"column":16},"end":{"line":21,"column":34}},"6":{"start":{"line":22,"column":2},"end":{"line":22,"column":55}},"7":{"start":{"line":22,"column":36},"end":{"line":22,"column":53}}},"fnMap":{"0":{"name":"generateSessionSummary","decl":{"start":{"line":12,"column":16},"end":{"line":12,"column":38}},"loc":{"start":{"line":12,"column":51},"end":{"line":18,"column":1}}},"1":{"name":"extractSessionTags","decl":{"start":{"line":20,"column":16},"end":{"line":20,"column":34}},"loc":{"start":{"line":20,"column":47},"end":{"line":23,"column":1}}},"2":{"name":"(anonymous_2)","decl":{"start":{"line":22,"column":29},"end":{"line":22,"column":30}},"loc":{"start":{"line":22,"column":36},"end":{"line":22,"column":53}}}},"branchMap":{},"s":{"0":1,"1":1,"2":1,"3":1,"4":1,"5":1,"6":1,"7":8},"f":{"0":1,"1":1,"2":8},"b":{}}
,"/home/user/studio/src/lib/utils.ts": {"path":"/home/user/studio/src/lib/utils.ts","statementMap":{"0":{"start":{"line":7,"column":0},"end":{"line":7,"column":16}},"1":{"start":{"line":22,"column":0},"end":{"line":22,"column":16}},"2":{"start":{"line":31,"column":0},"end":{"line":31,"column":16}},"3":{"start":{"line":44,"column":0},"end":{"line":44,"column":16}},"4":{"start":{"line":56,"column":0},"end":{"line":56,"column":16}},"5":{"start":{"line":66,"column":0},"end":{"line":66,"column":16}},"6":{"start":{"line":1,"column":0},"end":{"line":1,"column":44}},"7":{"start":{"line":2,"column":0},"end":{"line":2,"column":40}},"8":{"start":{"line":3,"column":0},"end":{"line":3,"column":28}},"9":{"start":{"line":8,"column":2},"end":{"line":8,"column":34}},"10":{"start":{"line":8,"column":17},"end":{"line":8,"column":34}},"11":{"start":{"line":9,"column":14},"end":{"line":9,"column":43}},"12":{"start":{"line":10,"column":2},"end":{"line":17,"column":3}},"13":{"start":{"line":11,"column":4},"end":{"line":15,"column":5}},"14":{"start":{"line":12,"column":6},"end":{"line":12,"column":63}},"15":{"start":{"line":13,"column":6},"end":{"line":13,"column":41}},"16":{"start":{"line":14,"column":6},"end":{"line":14,"column":23}},"17":{"start":{"line":16,"column":4},"end":{"line":16,"column":52}},"18":{"start":{"line":18,"column":2},"end":{"line":18,"column":41}},"19":{"start":{"line":19,"column":2},"end":{"line":19,"column":19}},"20":{"start":{"line":23,"column":2},"end":{"line":23,"column":null}},"21":{"start":{"line":32,"column":13},"end":{"line":32,"column":35}},"22":{"start":{"line":33,"column":17},"end":{"line":33,"column":73}},"23":{"start":{"line":34,"column":20},"end":{"line":34,"column":80}},"24":{"start":{"line":35,"column":14},"end":{"line":35,"column":33}},"25":{"start":{"line":36,"column":2},"end":{"line":36,"column":64}},"26":{"start":{"line":45,"column":15},"end":{"line":45,"column":48}},"27":{"start":{"line":46,"column":13},"end":{"line":46,"column":33}},"28":{"start":{"line":47,"column":14},"end":{"line":47,"column":35}},"29":{"start":{"line":48,"column":15},"end":{"line":48,"column":32}},"30":{"start":{"line":49,"column":19},"end":{"line":49,"column":77}},"31":{"start":{"line":50,"column":2},"end":{"line":50,"column":27}},"32":{"start":{"line":51,"column":20},"end":{"line":51,"column":76}},"33":{"start":{"line":52,"column":2},"end":{"line":52,"column":36}},"34":{"start":{"line":57,"column":17},"end":{"line":57,"column":41}},"35":{"start":{"line":58,"column":2},"end":{"line":62,"column":18}},"36":{"start":{"line":67,"column":17},"end":{"line":67,"column":39}},"37":{"start":{"line":68,"column":2},"end":{"line":68,"column":72}},"38":{"start":{"line":68,"column":59},"end":{"line":68,"column":72}},"39":{"start":{"line":70,"column":12},"end":{"line":70,"column":13}},"40":{"start":{"line":71,"column":2},"end":{"line":71,"column":75}},"41":{"start":{"line":71,"column":15},"end":{"line":71,"column":16}},"42":{"start":{"line":71,"column":30},"end":{"line":71,"column":75}},"43":{"start":{"line":72,"column":12},"end":{"line":72,"column":27}},"44":{"start":{"line":73,"column":2},"end":{"line":73,"column":40}},"45":{"start":{"line":73,"column":32},"end":{"line":73,"column":40}},"46":{"start":{"line":74,"column":2},"end":{"line":74,"column":55}},"47":{"start":{"line":74,"column":42},"end":{"line":74,"column":55}},"48":{"start":{"line":76,"column":2},"end":{"line":76,"column":10}},"49":{"start":{"line":77,"column":2},"end":{"line":77,"column":76}},"50":{"start":{"line":77,"column":15},"end":{"line":77,"column":16}},"51":{"start":{"line":77,"column":31},"end":{"line":77,"column":76}},"52":{"start":{"line":78,"column":2},"end":{"line":78,"column":24}},"53":{"start":{"line":79,"column":2},"end":{"line":79,"column":40}},"54":{"start":{"line":79,"column":32},"end":{"line":79,"column":40}},"55":{"start":{"line":80,"column":2},"end":{"line":80,"column":45}}},"fnMap":{"0":{"name":"getCryptoKey","decl":{"start":{"line":7,"column":16},"end":{"line":7,"column":28}},"loc":{"start":{"line":7,"column":28},"end":{"line":20,"column":1}}},"1":{"name":"cn","decl":{"start":{"line":22,"column":16},"end":{"line":22,"column":18}},"loc":{"start":{"line":22,"column":42},"end":{"line":24,"column":1}}},"2":{"name":"encrypt","decl":{"start":{"line":31,"column":16},"end":{"line":31,"column":23}},"loc":{"start":{"line":31,"column":36},"end":{"line":37,"column":1}}},"3":{"name":"decrypt","decl":{"start":{"line":44,"column":16},"end":{"line":44,"column":23}},"loc":{"start":{"line":44,"column":42},"end":{"line":53,"column":1}}},"4":{"name":"formatCPF","decl":{"start":{"line":56,"column":16},"end":{"line":56,"column":25}},"loc":{"start":{"line":56,"column":39},"end":{"line":63,"column":1}}},"5":{"name":"isValidCPF","decl":{"start":{"line":66,"column":16},"end":{"line":66,"column":26}},"loc":{"start":{"line":66,"column":38},"end":{"line":81,"column":1}}}},"branchMap":{"0":{"loc":{"start":{"line":8,"column":2},"end":{"line":8,"column":34}},"type":"if","locations":[{"start":{"line":8,"column":2},"end":{"line":8,"column":34}}]},"1":{"loc":{"start":{"line":10,"column":2},"end":{"line":17,"column":3}},"type":"if","locations":[{"start":{"line":10,"column":2},"end":{"line":17,"column":3}}]},"2":{"loc":{"start":{"line":11,"column":4},"end":{"line":15,"column":5}},"type":"if","locations":[{"start":{"line":11,"column":4},"end":{"line":15,"column":5}}]},"3":{"loc":{"start":{"line":68,"column":2},"end":{"line":68,"column":72}},"type":"if","locations":[{"start":{"line":68,"column":2},"end":{"line":68,"column":72}}]},"4":{"loc":{"start":{"line":68,"column":6},"end":{"line":68,"column":57}},"type":"binary-expr","locations":[{"start":{"line":68,"column":6},"end":{"line":68,"column":26}},{"start":{"line":68,"column":30},"end":{"line":68,"column":57}}]},"5":{"loc":{"start":{"line":73,"column":2},"end":{"line":73,"column":40}},"type":"if","locations":[{"start":{"line":73,"column":2},"end":{"line":73,"column":40}}]},"6":{"loc":{"start":{"line":73,"column":6},"end":{"line":73,"column":30}},"type":"binary-expr","locations":[{"start":{"line":73,"column":6},"end":{"line":73,"column":16}},{"start":{"line":73,"column":20},"end":{"line":73,"column":30}}]},"7":{"loc":{"start":{"line":74,"column":2},"end":{"line":74,"column":55}},"type":"if","locations":[{"start":{"line":74,"column":2},"end":{"line":74,"column":55}}]},"8":{"loc":{"start":{"line":79,"column":2},"end":{"line":79,"column":40}},"type":"if","locations":[{"start":{"line":79,"column":2},"end":{"line":79,"column":40}}]},"9":{"loc":{"start":{"line":79,"column":6},"end":{"line":79,"column":30}},"type":"binary-expr","locations":[{"start":{"line":79,"column":6},"end":{"line":79,"column":16}},{"start":{"line":79,"column":20},"end":{"line":79,"column":30}}]}},"s":{"0":4,"1":4,"2":4,"3":4,"4":4,"5":4,"6":4,"7":4,"8":4,"9":108,"10":104,"11":4,"12":4,"13":0,"14":0,"15":0,"16":0,"17":0,"18":4,"19":4,"20":0,"21":68,"22":68,"23":68,"24":68,"25":68,"26":40,"27":40,"28":40,"29":40,"30":40,"31":40,"32":40,"33":40,"34":1,"35":1,"36":2,"37":2,"38":1,"39":1,"40":1,"41":1,"42":9,"43":1,"44":1,"45":0,"46":1,"47":0,"48":1,"49":1,"50":1,"51":10,"52":1,"53":1,"54":1,"55":1},"f":{"0":108,"1":0,"2":68,"3":40,"4":1,"5":2},"b":{"0":[104],"1":[0],"2":[0],"3":[1],"4":[2,2],"5":[0],"6":[1,1],"7":[0],"8":[1],"9":[1,0]}}
}
