TN:
SF:src/lib/analytics.ts
FN:10,getWeeklySessionCounts
FN:20,(anonymous_1)
FN:21,(anonymous_2)
FN:29,getProblemTypeCounts
FN:38,(anonymous_4)
FN:61,getScheduleOccupancy
FN:81,(anonymous_6)
FN:85,(anonymous_7)
FNF:8
FNH:8
FNDA:2,getWeeklySessionCounts
FNDA:2,(anonymous_1)
FNDA:1,(anonymous_2)
FNDA:1,getProblemTypeCounts
FNDA:5,(anonymous_4)
FNDA:2,getScheduleOccupancy
FNDA:1,(anonymous_6)
FNDA:1,(anonymous_7)
DA:2,1
DA:10,1
DA:11,2
DA:13,2
DA:14,3
DA:15,3
DA:16,3
DA:19,2
DA:20,2
DA:21,1
DA:24,1
DA:29,1
DA:30,1
DA:32,1
DA:33,1
DA:34,3
DA:35,3
DA:37,3
DA:38,5
DA:39,2
DA:40,2
DA:41,2
DA:45,3
DA:46,1
DA:51,1
DA:61,1
DA:68,2
DA:69,2
DA:70,2
DA:75,2
DA:76,2
DA:77,10
DA:80,2
DA:82,1
DA:83,1
DA:85,1
DA:87,2
DA:88,2
DA:91,2
DA:93,2
LF:40
LH:40
BRDA:16,0,0,3
BRDA:16,0,1,2
BRDA:38,1,0,2
BRDA:39,2,0,2
BRDA:39,2,1,2
BRDA:45,3,0,1
BRDA:46,4,0,1
BRDA:46,4,1,1
BRDA:65,5,0,2
BRDA:66,6,0,2
BRDA:83,7,0,1
BRDA:83,7,1,1
BRDA:88,8,0,2
BRDA:88,8,1,0
BRF:14
BRH:13
end_of_record
TN:
SF:src/lib/ics.ts
FN:4,escapeText
FN:12,generateICS
FN:20,(anonymous_2)
FNF:3
FNH:3
FNDA:2,escapeText
FNDA:1,generateICS
FNDA:1,(anonymous_2)
DA:2,1
DA:5,2
DA:12,1
DA:13,1
DA:20,1
DA:21,1
DA:22,1
DA:23,1
DA:24,1
DA:25,1
DA:26,1
DA:27,1
DA:28,1
DA:29,1
DA:30,1
DA:33,1
DA:34,1
LF:17
LH:17
BRDA:29,0,0,1
BRF:1
BRH:1
end_of_record
TN:
SF:src/lib/recurrence.ts
FN:9,generateRecurringDates
FN:17,(anonymous_1)
FN:46,generateRecurringAppointments
FN:49,(anonymous_3)
FNF:4
FNH:4
FNDA:5,generateRecurringDates
FNDA:3,(anonymous_1)
FNDA:1,generateRecurringAppointments
FNDA:1,(anonymous_3)
DA:1,1
DA:9,1
DA:10,5
DA:11,5
DA:12,5
DA:13,5
DA:15,5
DA:16,4
DA:17,3
DA:18,3
DA:20,2
DA:21,2
DA:22,2
DA:24,2
DA:25,13
DA:26,13
DA:27,13
DA:29,13
DA:30,9
DA:31,3
DA:35,3
DA:36,3
DA:37,3
DA:43,2
DA:46,1
DA:47,1
DA:48,1
DA:49,1
LF:28
LH:28
BRDA:10,0,0,5
BRDA:10,0,1,0
BRDA:12,1,0,1
BRDA:12,1,1,4
BRDA:12,2,0,1
BRDA:12,2,1,0
BRDA:13,3,0,1
BRDA:13,3,1,4
BRDA:13,4,0,4
BRDA:13,4,1,0
BRDA:15,5,0,1
BRDA:15,6,0,5
BRDA:15,6,1,4
BRDA:16,7,0,1
BRDA:16,8,0,4
BRDA:16,8,1,1
BRDA:17,9,0,0
BRDA:17,9,1,3
BRDA:17,10,0,3
BRDA:17,10,1,3
BRDA:17,11,0,3
BRDA:17,11,1,3
BRDA:18,12,0,1
BRDA:18,13,0,3
BRDA:18,13,1,3
BRDA:18,13,2,3
BRDA:26,14,0,0
BRDA:26,15,0,13
BRDA:26,15,1,0
BRDA:27,16,0,0
BRDA:27,17,0,13
BRDA:27,17,1,13
BRDA:29,18,0,9
BRDA:30,19,0,3
BRDA:30,20,0,9
BRDA:30,20,1,9
BRDA:31,21,0,3
BRDA:32,22,0,3
BRDA:32,22,1,3
BRDA:37,23,0,2
BRDA:37,24,0,3
BRDA:37,24,1,3
BRDA:52,25,0,0
BRDA:52,25,1,1
BRF:44
BRH:36
end_of_record
TN:
SF:src/lib/sessionNotes.ts
FN:12,generateSessionSummary
FN:20,extractSessionTags
FN:22,(anonymous_2)
FNF:3
FNH:3
FNDA:1,generateSessionSummary
FNDA:1,extractSessionTags
FNDA:8,(anonymous_2)
DA:1,1
DA:12,1
DA:13,1
DA:17,1
DA:20,1
DA:21,1
DA:22,8
LF:7
LH:7
BRF:0
BRH:0
end_of_record
TN:
SF:src/lib/utils.ts
FN:7,getCryptoKey
FN:22,cn
FN:31,encrypt
FN:44,decrypt
FN:56,formatCPF
FN:66,isValidCPF
FNF:6
FNH:5
FNDA:108,getCryptoKey
FNDA:0,cn
FNDA:68,encrypt
FNDA:40,decrypt
FNDA:1,formatCPF
FNDA:2,isValidCPF
DA:1,4
DA:2,4
DA:3,4
DA:7,4
DA:8,108
DA:9,4
DA:10,4
DA:11,0
DA:12,0
DA:13,0
DA:14,0
DA:16,0
DA:18,4
DA:19,4
DA:22,4
DA:23,0
DA:31,4
DA:32,68
DA:33,68
DA:34,68
DA:35,68
DA:36,68
DA:44,4
DA:45,40
DA:46,40
DA:47,40
DA:48,40
DA:49,40
DA:50,40
DA:51,40
DA:52,40
DA:56,4
DA:57,1
DA:58,1
DA:66,4
DA:67,2
DA:68,2
DA:70,1
DA:71,9
DA:72,1
DA:73,1
DA:74,1
DA:76,1
DA:77,10
DA:78,1
DA:79,1
DA:80,1
LF:47
LH:41
BRDA:8,0,0,104
BRDA:10,1,0,0
BRDA:11,2,0,0
BRDA:68,3,0,1
BRDA:68,4,0,2
BRDA:68,4,1,2
BRDA:73,5,0,0
BRDA:73,6,0,1
BRDA:73,6,1,1
BRDA:74,7,0,0
BRDA:79,8,0,1
BRDA:79,9,0,1
BRDA:79,9,1,0
BRF:13
BRH:8
end_of_record
